<?xml version="1.0" encoding="UTF-8"?>
<testsuite name="com.test.feign.MockTest" tests="1" skipped="0" failures="1" errors="0" timestamp="2022-06-13T00:23:58" hostname="DESKTOP-4V9QDB7" time="0.002">
  <properties/>
  <testcase name="initializationError" classname="com.test.feign.MockTest" time="0.002">
    <failure message="java.lang.IllegalStateException: Unable to find a @SpringBootConfiguration, you need to use @ContextConfiguration or @SpringBootTest(classes=...) with your test" type="java.lang.IllegalStateException">java.lang.IllegalStateException: Unable to find a @SpringBootConfiguration, you need to use @ContextConfiguration or @SpringBootTest(classes=...) with your test
	at org.springframework.util.Assert.state(Assert.java:73)
	at org.springframework.boot.test.context.SpringBootTestContextBootstrapper.getOrFindConfigurationClasses(SpringBootTestContextBootstrapper.java:243)
	at org.springframework.boot.test.context.SpringBootTestContextBootstrapper.processMergedContextConfiguration(SpringBootTestContextBootstrapper.java:155)
	at org.springframework.test.context.support.AbstractTestContextBootstrapper.buildMergedContextConfiguration(AbstractTestContextBootstrapper.java:395)
	at org.springframework.test.context.support.AbstractTestContextBootstrapper.buildDefaultMergedContextConfiguration(AbstractTestContextBootstrapper.java:312)
	at org.springframework.test.context.support.AbstractTestContextBootstrapper.buildMergedContextConfiguration(AbstractTestContextBootstrapper.java:265)
	at org.springframework.test.context.support.AbstractTestContextBootstrapper.buildTestContext(AbstractTestContextBootstrapper.java:108)
	at org.springframework.boot.test.context.SpringBootTestContextBootstrapper.buildTestContext(SpringBootTestContextBootstrapper.java:99)
	at org.springframework.test.context.TestContextManager.&lt;init&gt;(TestContextManager.java:139)
	at org.springframework.test.context.TestContextManager.&lt;init&gt;(TestContextManager.java:124)
	at org.springframework.test.context.junit4.SpringJUnit4ClassRunner.createTestContextManager(SpringJUnit4ClassRunner.java:151)
	at org.springframework.test.context.junit4.SpringJUnit4ClassRunner.&lt;init&gt;(SpringJUnit4ClassRunner.java:142)
	at org.springframework.test.context.junit4.SpringRunner.&lt;init&gt;(SpringRunner.java:49)
	at sun.reflect.NativeConstructorAccessorImpl.newInstance0(Native Method)
	at sun.reflect.NativeConstructorAccessorImpl.newInstance(NativeConstructorAccessorImpl.java:62)
	at sun.reflect.DelegatingConstructorAccessorImpl.newInstance(DelegatingConstructorAccessorImpl.java:45)
	at java.lang.reflect.Constructor.newInstance(Constructor.java:423)
	at org.junit.internal.builders.AnnotatedBuilder.buildRunner(AnnotatedBuilder.java:104)
	at org.junit.internal.builders.AnnotatedBuilder.runnerForClass(AnnotatedBuilder.java:86)
	at org.junit.runners.model.RunnerBuilder.safeRunnerForClass(RunnerBuilder.java:59)
	at org.junit.internal.builders.AllDefaultPossibilitiesBuilder.runnerForClass(AllDefaultPossibilitiesBuilder.java:26)
	at org.junit.runners.model.RunnerBuilder.safeRunnerForClass(RunnerBuilder.java:59)
	at org.junit.internal.requests.ClassRequest.getRunner(ClassRequest.java:33)
	at org.gradle.api.internal.tasks.testing.junit.JUnitTestClassExecutor.runTestClass(JUnitTestClassExecutor.java:78)
	at org.gradle.api.internal.tasks.testing.junit.JUnitTestClassExecutor.execute(JUnitTestClassExecutor.java:58)
	at org.gradle.api.internal.tasks.testing.junit.JUnitTestClassExecutor.execute(JUnitTestClassExecutor.java:38)
	at org.gradle.api.internal.tasks.testing.junit.AbstractJUnitTestClassProcessor.processTestClass(AbstractJUnitTestClassProcessor.java:66)
	at org.gradle.api.internal.tasks.testing.SuiteTestClassProcessor.processTestClass(SuiteTestClassProcessor.java:51)
	at sun.reflect.NativeMethodAccessorImpl.invoke0(Native Method)
	at sun.reflect.NativeMethodAccessorImpl.invoke(NativeMethodAccessorImpl.java:62)
	at sun.reflect.DelegatingMethodAccessorImpl.invoke(DelegatingMethodAccessorImpl.java:43)
	at java.lang.reflect.Method.invoke(Method.java:498)
	at org.gradle.internal.dispatch.ReflectionDispatch.dispatch(ReflectionDispatch.java:35)
	at org.gradle.internal.dispatch.ReflectionDispatch.dispatch(ReflectionDispatch.java:24)
	at org.gradle.internal.dispatch.ContextClassLoaderDispatch.dispatch(ContextClassLoaderDispatch.java:32)
	at org.gradle.internal.dispatch.ProxyDispatchAdapter$DispatchingInvocationHandler.invoke(ProxyDispatchAdapter.java:93)
	at com.sun.proxy.$Proxy1.processTestClass(Unknown Source)
	at org.gradle.api.internal.tasks.testing.worker.TestWorker.processTestClass(TestWorker.java:109)
	at sun.reflect.NativeMethodAccessorImpl.invoke0(Native Method)
	at sun.reflect.NativeMethodAccessorImpl.invoke(NativeMethodAccessorImpl.java:62)
	at sun.reflect.DelegatingMethodAccessorImpl.invoke(DelegatingMethodAccessorImpl.java:43)
	at java.lang.reflect.Method.invoke(Method.java:498)
	at org.gradle.internal.dispatch.ReflectionDispatch.dispatch(ReflectionDispatch.java:35)
	at org.gradle.internal.dispatch.ReflectionDispatch.dispatch(ReflectionDispatch.java:24)
	at org.gradle.internal.remote.internal.hub.MessageHubBackedObjectConnection$DispatchWrapper.dispatch(MessageHubBackedObjectConnection.java:155)
	at org.gradle.internal.remote.internal.hub.MessageHubBackedObjectConnection$DispatchWrapper.dispatch(MessageHubBackedObjectConnection.java:137)
	at org.gradle.internal.remote.internal.hub.MessageHub$Handler.run(MessageHub.java:404)
	at org.gradle.internal.concurrent.ExecutorPolicy$CatchAndRecordFailures.onExecute(ExecutorPolicy.java:63)
	at org.gradle.internal.concurrent.ManagedExecutorImpl$1.run(ManagedExecutorImpl.java:46)
	at java.util.concurrent.ThreadPoolExecutor.runWorker(ThreadPoolExecutor.java:1149)
	at java.util.concurrent.ThreadPoolExecutor$Worker.run(ThreadPoolExecutor.java:624)
	at org.gradle.internal.concurrent.ThreadFactoryImpl$ManagedThreadRunnable.run(ThreadFactoryImpl.java:55)
	at java.lang.Thread.run(Thread.java:750)
</failure>
  </testcase>
  <system-out><![CDATA[03:23:58.290 [Test worker] DEBUG org.springframework.test.context.junit4.SpringJUnit4ClassRunner - SpringJUnit4ClassRunner constructor called with [class com.test.feign.MockTest]
03:23:58.304 [Test worker] DEBUG org.springframework.test.context.BootstrapUtils - Instantiating CacheAwareContextLoaderDelegate from class [org.springframework.test.context.cache.DefaultCacheAwareContextLoaderDelegate]
03:23:58.319 [Test worker] DEBUG org.springframework.test.context.BootstrapUtils - Instantiating BootstrapContext using constructor [public org.springframework.test.context.support.DefaultBootstrapContext(java.lang.Class,org.springframework.test.context.CacheAwareContextLoaderDelegate)]
03:23:58.351 [Test worker] DEBUG org.springframework.test.context.BootstrapUtils - Instantiating TestContextBootstrapper for test class [com.test.feign.MockTest] from class [org.springframework.boot.test.context.SpringBootTestContextBootstrapper]
03:23:58.390 [Test worker] INFO org.springframework.boot.test.context.SpringBootTestContextBootstrapper - Neither @ContextConfiguration nor @ContextHierarchy found for test class [com.test.feign.MockTest], using SpringBootContextLoader
03:23:58.396 [Test worker] DEBUG org.springframework.test.context.support.AbstractContextLoader - Did not detect default resource location for test class [com.test.feign.MockTest]: class path resource [com/test/feign/MockTest-context.xml] does not exist
03:23:58.396 [Test worker] DEBUG org.springframework.test.context.support.AbstractContextLoader - Did not detect default resource location for test class [com.test.feign.MockTest]: class path resource [com/test/feign/MockTestContext.groovy] does not exist
03:23:58.397 [Test worker] INFO org.springframework.test.context.support.AbstractContextLoader - Could not detect default resource locations for test class [com.test.feign.MockTest]: no resource found for suffixes {-context.xml, Context.groovy}.
03:23:58.398 [Test worker] INFO org.springframework.test.context.support.AnnotationConfigContextLoaderUtils - Could not detect default configuration classes for test class [com.test.feign.MockTest]: MockTest does not declare any static, non-private, non-final, nested classes annotated with @Configuration.
03:23:58.466 [Test worker] DEBUG org.springframework.test.context.support.ActiveProfilesUtils - Could not find an 'annotation declaring class' for annotation type [org.springframework.test.context.ActiveProfiles] and class [com.test.feign.MockTest]
03:23:58.481 [Test worker] DEBUG org.springframework.core.env.StandardEnvironment - Adding PropertySource 'systemProperties' with lowest search precedence
03:23:58.481 [Test worker] DEBUG org.springframework.core.env.StandardEnvironment - Adding PropertySource 'systemEnvironment' with lowest search precedence
03:23:58.482 [Test worker] DEBUG org.springframework.core.env.StandardEnvironment - Initialized StandardEnvironment with PropertySources [MapPropertySource@1239554498 {name='systemProperties', properties={java.runtime.name=OpenJDK Runtime Environment, sun.boot.library.path=C:\Users\79586\.jdks\liberica-1.8.0_333\jre\bin, java.vm.version=25.333-b02, java.vm.vendor=BellSoft, java.vendor.url=https://bell-sw.com/, path.separator=;, java.vm.name=OpenJDK 64-Bit Server VM, file.encoding.pkg=sun.io, user.script=, sun.java.launcher=SUN_STANDARD, user.country=RU, sun.os.patch.level=, java.vm.specification.name=Java Virtual Machine Specification, user.dir=C:\Users\79586\Downloads\feign\feign-master, java.runtime.version=1.8.0_333-b02, java.awt.graphicsenv=sun.awt.Win32GraphicsEnvironment, java.endorsed.dirs=C:\Users\79586\.jdks\liberica-1.8.0_333\jre\lib\endorsed, os.arch=amd64, java.io.tmpdir=C:\Users\79586\AppData\Local\Temp\, line.separator=
, java.vm.specification.vendor=Oracle Corporation, user.variant=, os.name=Windows 10, sun.jnu.encoding=Cp1251, java.library.path=C:\Users\79586\.jdks\liberica-1.8.0_333\bin;C:\Windows\Sun\Java\bin;C:\Windows\system32;C:\Windows;C:\Program Files (x86)\Common Files\Oracle\Java\javapath;C:\ProgramData\Oracle\Java\javapath;C:\Windows\system32;C:\Windows;C:\Windows\System32\Wbem;C:\Windows\System32\WindowsPowerShell\v1.0\;C:\Windows\System32\OpenSSH\;C:\Program Files\nodejs\;C:\Program Files (x86)\Brackets\command;C:\Program Files\TortoiseGit\bin;C:\Program Files\Git\cmd;C:\Program Files\PuTTY\;C:\Program Files\Microsoft SQL Server\120\Tools\Binn\;C:\Program Files\dotnet\;C:\Program Files\Microsoft SQL Server\130\Tools\Binn\;C:\Program Files\Microsoft SQL Server\Client SDK\ODBC\170\Tools\Binn\;C:\Users\79586\AppData\Local\Programs\Python\Python39\Scripts\;C:\Users\79586\AppData\Local\Programs\Python\Python39\;C:\Users\79586\AppData\Local\Microsoft\WindowsApps;C:\Users\79586\AppData\Roaming\npm;C:\Program Files\heroku\bin;C:\Users\79586\.dotnet\tools;., java.specification.name=Java Platform API Specification, java.class.version=52.0, org.gradle.native=false, sun.management.compiler=HotSpot 64-Bit Tiered Compilers, os.version=10.0, user.home=C:\Users\79586, user.timezone=Europe/Moscow, java.awt.printerjob=sun.awt.windows.WPrinterJob, file.encoding=windows-1251, java.specification.version=1.8, java.class.path=C:\Users\79586\Downloads\feign\feign-master\build\classes\java\test;C:\Users\79586\Downloads\feign\feign-master\build\resources\test;C:\Users\79586\Downloads\feign\feign-master\build\classes\java\main;C:\Users\79586\Downloads\feign\feign-master\build\resources\main;C:\Users\79586\.gradle\caches\modules-2\files-2.1\org.springframework.boot\spring-boot-starter-web-services\2.0.4.RELEASE\820a0355fa4557293867c81695f29160edfd9667\spring-boot-starter-web-services-2.0.4.RELEASE.jar;C:\Users\79586\.gradle\caches\modules-2\files-2.1\org.springframework.boot\spring-boot-starter-web\2.0.4.RELEASE\98d49e981ecf804da877d84259b7b0d1ec2fb6f6\spring-boot-starter-web-2.0.4.RELEASE.jar;C:\Users\79586\.gradle\caches\modules-2\files-2.1\org.springframework.cloud\spring-cloud-starter-openfeign\2.0.4.BUILD-SNAPSHOT\6392297f44ca5fc6fc336adbb177493b9fcdbbc5\spring-cloud-starter-openfeign-2.0.4.BUILD-SNAPSHOT.jar;C:\Users\79586\.gradle\caches\modules-2\files-2.1\org.springframework.cloud\spring-cloud-starter-config\2.0.4.BUILD-SNAPSHOT\eb28110f293c41a63a86c2786a998754a990fa09\spring-cloud-starter-config-2.0.4.BUILD-SNAPSHOT.jar;C:\Users\79586\.gradle\caches\modules-2\files-2.1\org.springframework.boot\spring-boot-starter-actuator\2.0.4.RELEASE\24e901473279d9c18e0a0f8037d58b18c8297dca\spring-boot-starter-actuator-2.0.4.RELEASE.jar;C:\Users\79586\.gradle\caches\modules-2\files-2.1\com.google.code.gson\gson\2.8.5\f645ed69d595b24d4cf8b3fbb64cc505bede8829\gson-2.8.5.jar;C:\Users\79586\.gradle\caches\modules-2\files-2.1\org.springframework.boot\spring-boot-starter-test\2.0.4.RELEASE\8f473705d2742b669f0318f10a956f94a93ba3d2\spring-boot-starter-test-2.0.4.RELEASE.jar;C:\Users\79586\.gradle\caches\modules-2\files-2.1\org.springframework.boot\spring-boot-starter-json\2.0.4.RELEASE\c7afabf0d7c85db178da4ce0634e3bd2ddb0eb71\spring-boot-starter-json-2.0.4.RELEASE.jar;C:\Users\79586\.gradle\caches\modules-2\files-2.1\org.springframework.cloud\spring-cloud-starter\2.0.4.BUILD-SNAPSHOT\7f5abf238468c3aca77dcbc46764dc2c8a0024c4\spring-cloud-starter-2.0.4.BUILD-SNAPSHOT.jar;C:\Users\79586\.gradle\caches\modules-2\files-2.1\org.springframework.cloud\spring-cloud-openfeign-core\2.0.4.BUILD-SNAPSHOT\7c5227530b15ad4c8c822bbf1bf677b87a0d0ef8\spring-cloud-openfeign-core-2.0.4.BUILD-SNAPSHOT.jar;C:\Users\79586\.gradle\caches\modules-2\files-2.1\org.springframework.boot\spring-boot-starter-aop\2.0.4.RELEASE\5e963eb965b72e113a05351c482e3d613f04e59d\spring-boot-starter-aop-2.0.4.RELEASE.jar;C:\Users\79586\.gradle\caches\modules-2\files-2.1\org.springframework.boot\spring-boot-starter\2.0.4.RELEASE\ec46c63a2adeee40058eff1a6baefca13975dc94\spring-boot-starter-2.0.4.RELEASE.jar;C:\Users\79586\.gradle\caches\modules-2\files-2.1\org.springframework.boot\spring-boot-starter-tomcat\2.0.4.RELEASE\dcf28989a34b0801fea0e810c371fb9dab1e7784\spring-boot-starter-tomcat-2.0.4.RELEASE.jar;C:\Users\79586\.gradle\caches\modules-2\files-2.1\org.hibernate.validator\hibernate-validator\6.0.11.Final\36f9d10a11e4768f55e8fb91ebe4338a5c43954e\hibernate-validator-6.0.11.Final.jar;C:\Users\79586\.gradle\caches\modules-2\files-2.1\org.springframework.ws\spring-ws-core\3.0.3.RELEASE\9175b57d3335b1815d65ca8183ab0ce4f69904e1\spring-ws-core-3.0.3.RELEASE.jar;C:\Users\79586\.gradle\caches\modules-2\files-2.1\org.springframework\spring-webmvc\5.0.8.RELEASE\7e5fe57590ca8e4468e50fe1d92b0b67aa4a327a\spring-webmvc-5.0.8.RELEASE.jar;C:\Users\79586\.gradle\caches\modules-2\files-2.1\org.springframework.cloud\spring-cloud-config-client\2.0.4.BUILD-SNAPSHOT\6ef6dd947e45f2617376ecb4a2fd30e7f0bcc38b\spring-cloud-config-client-2.0.4.BUILD-SNAPSHOT.jar;C:\Users\79586\.gradle\caches\modules-2\files-2.1\io.github.openfeign.form\feign-form-spring\3.3.0\1a7f573dc3192c5d7269bc2e45f03a3b220e4002\feign-form-spring-3.3.0.jar;C:\Users\79586\.gradle\caches\modules-2\files-2.1\org.springframework\spring-web\5.0.8.RELEASE\fa43cdadb4ab2491fd1d0ddb06c0808e4b60fc85\spring-web-5.0.8.RELEASE.jar;C:\Users\79586\.gradle\caches\modules-2\files-2.1\org.springframework\spring-oxm\5.0.8.RELEASE\b61de143e9e4d65226b9e5a5eea3798e279525e5\spring-oxm-5.0.8.RELEASE.jar;C:\Users\79586\.gradle\caches\modules-2\files-2.1\org.springframework.cloud\spring-cloud-commons\2.0.4.BUILD-SNAPSHOT\62522cc91ddc93cf427c677a1a406de64a693ab\spring-cloud-commons-2.0.4.BUILD-SNAPSHOT.jar;C:\Users\79586\.gradle\caches\modules-2\files-2.1\io.github.openfeign\feign-slf4j\9.7.0\f74f4241746a93bf64a307ac75dd4f2c716d5ca1\feign-slf4j-9.7.0.jar;C:\Users\79586\.gradle\caches\modules-2\files-2.1\io.github.openfeign\feign-hystrix\9.7.0\358d29c524b5725db4305e78e9b09fe9d02d2d2\feign-hystrix-9.7.0.jar;C:\Users\79586\.gradle\caches\modules-2\files-2.1\io.github.openfeign\feign-java8\9.7.0\5895e69840bb46105e7eda7409a64c17a3c59167\feign-java8-9.7.0.jar;C:\Users\79586\.gradle\caches\modules-2\files-2.1\io.github.openfeign\feign-core\9.7.0\ba4066f2db318768ad289746fc10709dbeaaaf07\feign-core-9.7.0.jar;C:\Users\79586\.gradle\caches\modules-2\files-2.1\org.springframework.boot\spring-boot-actuator-autoconfigure\2.0.4.RELEASE\2cadc1d20a1f9ee667a608cfee154138e954f5f2\spring-boot-actuator-autoconfigure-2.0.4.RELEASE.jar;C:\Users\79586\.gradle\caches\modules-2\files-2.1\com.fasterxml.jackson.datatype\jackson-datatype-jdk8\2.9.6\456895fc91bf7180b216fead220373e6278230c9\jackson-datatype-jdk8-2.9.6.jar;C:\Users\79586\.gradle\caches\modules-2\files-2.1\com.fasterxml.jackson.datatype\jackson-datatype-jsr310\2.9.6\ea54f6193d224e5e5732bbd4262327eb465397c2\jackson-datatype-jsr310-2.9.6.jar;C:\Users\79586\.gradle\caches\modules-2\files-2.1\com.fasterxml.jackson.module\jackson-module-parameter-names\2.9.6\129acd77a4b6ee30d62d3a0899b1344c8ec2bff8\jackson-module-parameter-names-2.9.6.jar;C:\Users\79586\.gradle\caches\modules-2\files-2.1\com.netflix.hystrix\hystrix-core\1.5.18\e1a7ed48e1a60abbb08027a46189afb04c05b04f\hystrix-core-1.5.18.jar;C:\Users\79586\.gradle\caches\modules-2\files-2.1\com.netflix.archaius\archaius-core\0.7.6\be0c1024d08ad68ec25f9f32b0e9df1ab7ecb45b\archaius-core-0.7.6.jar;C:\Users\79586\.gradle\caches\modules-2\files-2.1\com.fasterxml.jackson.core\jackson-databind\2.9.6\cfa4f316351a91bfd95cb0644c6a2c95f52db1fc\jackson-databind-2.9.6.jar;C:\Users\79586\.gradle\caches\modules-2\files-2.1\io.micrometer\micrometer-core\1.0.6\50299bc8a34c251d62311bbb1a297f3942a82e42\micrometer-core-1.0.6.jar;C:\Users\79586\.gradle\caches\modules-2\files-2.1\org.springframework.boot\spring-boot-test-autoconfigure\2.0.4.RELEASE\8a2e3f31e607fdb08deda2f59263ce177f1c4310\spring-boot-test-autoconfigure-2.0.4.RELEASE.jar;C:\Users\79586\.gradle\caches\modules-2\files-2.1\org.springframework.boot\spring-boot-test\2.0.4.RELEASE\8a17fc3cf16b6d75f2ba132ade04409a670095de\spring-boot-test-2.0.4.RELEASE.jar;C:\Users\79586\.gradle\caches\modules-2\files-2.1\com.jayway.jsonpath\json-path\2.4.0\765a4401ceb2dc8d40553c2075eb80a8fa35c2ae\json-path-2.4.0.jar;C:\Users\79586\.gradle\caches\modules-2\files-2.1\junit\junit\4.12\2973d150c0dc1fefe998f834810d68f278ea58ec\junit-4.12.jar;C:\Users\79586\.gradle\caches\modules-2\files-2.1\org.assertj\assertj-core\3.9.1\c5ce126b15f28d56cd8f960c1a6a058b9c9aea87\assertj-core-3.9.1.jar;C:\Users\79586\.gradle\caches\modules-2\files-2.1\org.mockito\mockito-core\2.15.0\b84bfbbc29cd22c9529409627af6ea2897f4fa85\mockito-core-2.15.0.jar;C:\Users\79586\.gradle\caches\modules-2\files-2.1\org.hamcrest\hamcrest-library\1.3\4785a3c21320980282f9f33d0d1264a69040538f\hamcrest-library-1.3.jar;C:\Users\79586\.gradle\caches\modules-2\files-2.1\org.hamcrest\hamcrest-core\1.3\42a25dc3219429f0e5d060061f71acb49bf010a0\hamcrest-core-1.3.jar;C:\Users\79586\.gradle\caches\modules-2\files-2.1\org.skyscreamer\jsonassert\1.5.0\6c9d5fe2f59da598d9aefc1cfc6528ff3cf32df3\jsonassert-1.5.0.jar;C:\Users\79586\.gradle\caches\modules-2\files-2.1\org.springframework\spring-test\5.0.8.RELEASE\5782619373bd7e7b7d9106203c317b04bb613ebb\spring-test-5.0.8.RELEASE.jar;C:\Users\79586\.gradle\caches\modules-2\files-2.1\org.springframework.boot\spring-boot-autoconfigure\2.0.4.RELEASE\65cd1244d606acc02ab7bfc47a203a3fe2400dda\spring-boot-autoconfigure-2.0.4.RELEASE.jar;C:\Users\79586\.gradle\caches\modules-2\files-2.1\org.springframework.boot\spring-boot-actuator\2.0.4.RELEASE\9c02c968eb50a7cdc14fc4c7b586d767df6dc48d\spring-boot-actuator-2.0.4.RELEASE.jar;C:\Users\79586\.gradle\caches\modules-2\files-2.1\org.springframework.boot\spring-boot\2.0.4.RELEASE\c8619c5b06d4dcdb4cac1e5e9c839e6e8b1c8574\spring-boot-2.0.4.RELEASE.jar;C:\Users\79586\.gradle\caches\modules-2\files-2.1\org.springframework.ws\spring-xml\3.0.3.RELEASE\22933f459b5d6a7a3c2c71578df004846571b26e\spring-xml-3.0.3.RELEASE.jar;C:\Users\79586\.gradle\caches\modules-2\files-2.1\org.springframework\spring-context\5.0.8.RELEASE\3a067d8990761111c9b6d1d895640be26cc1fb38\spring-context-5.0.8.RELEASE.jar;C:\Users\79586\.gradle\caches\modules-2\files-2.1\org.springframework\spring-expression\5.0.8.RELEASE\f23158f22c917df2cddf2ecebc398a9e95f95fae\spring-expression-5.0.8.RELEASE.jar;C:\Users\79586\.gradle\caches\modules-2\files-2.1\org.springframework\spring-aop\5.0.8.RELEASE\f5086c1a3185c481104511837427b39a07a57aa2\spring-aop-5.0.8.RELEASE.jar;C:\Users\79586\.gradle\caches\modules-2\files-2.1\org.springframework\spring-beans\5.0.8.RELEASE\5fc965d3e7f5515099244857a8ae9e2a208c169b\spring-beans-5.0.8.RELEASE.jar;C:\Users\79586\.gradle\caches\modules-2\files-2.1\org.springframework\spring-core\5.0.8.RELEASE\dc39c49e3246cdf73d3786ac41119140aed3fa08\spring-core-5.0.8.RELEASE.jar;C:\Users\79586\.gradle\caches\modules-2\files-2.1\org.xmlunit\xmlunit-core\2.5.1\4ffdb346572a7356f7521cd3119ce5287d2e339d\xmlunit-core-2.5.1.jar;C:\Users\79586\.gradle\caches\modules-2\files-2.1\org.springframework.boot\spring-boot-starter-logging\2.0.4.RELEASE\dcd1a2c431c970f44adae64d9145133979a513ab\spring-boot-starter-logging-2.0.4.RELEASE.jar;C:\Users\79586\.gradle\caches\modules-2\files-2.1\javax.annotation\javax.annotation-api\1.3.2\934c04d3cfef185a8008e7bf34331b79730a9d43\javax.annotation-api-1.3.2.jar;C:\Users\79586\.gradle\caches\modules-2\files-2.1\org.yaml\snakeyaml\1.19\2d998d3d674b172a588e54ab619854d073f555b5\snakeyaml-1.19.jar;C:\Users\79586\.gradle\caches\modules-2\files-2.1\org.apache.tomcat.embed\tomcat-embed-websocket\8.5.32\ea5302e378f1449d4e5dda79e8d810c1e7931f91\tomcat-embed-websocket-8.5.32.jar;C:\Users\79586\.gradle\caches\modules-2\files-2.1\org.apache.tomcat.embed\tomcat-embed-core\8.5.32\6bc6896200146010cc4666bdc6b9b0cbb453ee22\tomcat-embed-core-8.5.32.jar;C:\Users\79586\.gradle\caches\modules-2\files-2.1\org.apache.tomcat.embed\tomcat-embed-el\8.5.32\e4fd0ee015d83fa1c5ec93ff1d05bdaf9a4480c5\tomcat-embed-el-8.5.32.jar;C:\Users\79586\.gradle\caches\modules-2\files-2.1\javax.validation\validation-api\2.0.1.Final\cb855558e6271b1b32e716d24cb85c7f583ce09e\validation-api-2.0.1.Final.jar;C:\Users\79586\.gradle\caches\modules-2\files-2.1\org.jboss.logging\jboss-logging\3.3.2.Final\3789d00e859632e6c6206adc0c71625559e6e3b0\jboss-logging-3.3.2.Final.jar;C:\Users\79586\.gradle\caches\modules-2\files-2.1\com.fasterxml\classmate\1.3.4\3d5f48f10bbe4eb7bd862f10c0583be2e0053c6\classmate-1.3.4.jar;C:\Users\79586\.gradle\caches\modules-2\files-2.1\commons-fileupload\commons-fileupload\1.3.3\4ff14d809195b711fd6bcc87e6777f886730ca1\commons-fileupload-1.3.3.jar;C:\Users\79586\.gradle\caches\modules-2\files-2.1\commons-io\commons-io\2.5\2852e6e05fbb95076fc091f6d1780f1f8fe35e0f\commons-io-2.5.jar;C:\Users\79586\.gradle\caches\modules-2\files-2.1\org.springframework.cloud\spring-cloud-context\2.0.4.BUILD-SNAPSHOT\d8615feb4f840c49d22e3a71aec0f4758ad902b8\spring-cloud-context-2.0.4.BUILD-SNAPSHOT.jar;C:\Users\79586\.gradle\caches\modules-2\files-2.1\org.springframework.security\spring-security-rsa\1.0.7.RELEASE\8fb787a76b2a31b7efbb71ae9be68b269a358302\spring-security-rsa-1.0.7.RELEASE.jar;C:\Users\79586\.gradle\caches\modules-2\files-2.1\org.springframework.cloud\spring-cloud-netflix-ribbon\2.0.4.BUILD-SNAPSHOT\d8b1f11e5235f32a5f39ead201f9e325d567b890\spring-cloud-netflix-ribbon-2.0.4.BUILD-SNAPSHOT.jar;C:\Users\79586\.gradle\caches\modules-2\files-2.1\org.springframework.security\spring-security-crypto\5.0.7.RELEASE\51112a1fdcd0d4964f74bcba8355d536b53ae9a8\spring-security-crypto-5.0.7.RELEASE.jar;C:\Users\79586\.gradle\caches\modules-2\files-2.1\ch.qos.logback\logback-classic\1.2.3\7c4f3c474fb2c041d8028740440937705ebb473a\logback-classic-1.2.3.jar;C:\Users\79586\.gradle\caches\modules-2\files-2.1\org.apache.logging.log4j\log4j-to-slf4j\2.10.0\f7e631ccf49cfc0aefa4a2a728da7d374c05bd3c\log4j-to-slf4j-2.10.0.jar;C:\Users\79586\.gradle\caches\modules-2\files-2.1\org.slf4j\jul-to-slf4j\1.7.25\af5364cd6679bfffb114f0dec8a157aaa283b76\jul-to-slf4j-1.7.25.jar;C:\Users\79586\.gradle\caches\modules-2\files-2.1\org.slf4j\slf4j-api\1.7.25\da76ca59f6a57ee3102f8f9bd9cee742973efa8a\slf4j-api-1.7.25.jar;C:\Users\79586\.gradle\caches\modules-2\files-2.1\com.fasterxml.jackson.core\jackson-annotations\2.9.0\7c10d545325e3a6e72e06381afe469fd40eb701\jackson-annotations-2.9.0.jar;C:\Users\79586\.gradle\caches\modules-2\files-2.1\com.fasterxml.jackson.core\jackson-core\2.9.6\4e393793c37c77e042ccc7be5a914ae39251b365\jackson-core-2.9.6.jar;C:\Users\79586\.gradle\caches\modules-2\files-2.1\org.hdrhistogram\HdrHistogram\2.1.10\9e1ac84eed220281841b75e72fb9de5a297fbf04\HdrHistogram-2.1.10.jar;C:\Users\79586\.gradle\caches\modules-2\files-2.1\org.latencyutils\LatencyUtils\2.0.3\769c0b82cb2421c8256300e907298a9410a2a3d3\LatencyUtils-2.0.3.jar;C:\Users\79586\.gradle\caches\modules-2\files-2.1\net.minidev\json-smart\2.3\7396407491352ce4fa30de92efb158adb76b5b\json-smart-2.3.jar;C:\Users\79586\.gradle\caches\modules-2\files-2.1\net.bytebuddy\byte-buddy\1.7.11\f02857a4e2c66ccbe7aaad6100a0a6c461bce9b3\byte-buddy-1.7.11.jar;C:\Users\79586\.gradle\caches\modules-2\files-2.1\net.bytebuddy\byte-buddy-agent\1.7.11\b425a8933ca07edd03c6dbc8bc3b595fba9780de\byte-buddy-agent-1.7.11.jar;C:\Users\79586\.gradle\caches\modules-2\files-2.1\org.objenesis\objenesis\2.6\639033469776fd37c08358c6b92a4761feb2af4b\objenesis-2.6.jar;C:\Users\79586\.gradle\caches\modules-2\files-2.1\com.vaadin.external.google\android-json\0.0.20131108.vaadin1\fa26d351fe62a6a17f5cda1287c1c6110dec413f\android-json-0.0.20131108.vaadin1.jar;C:\Users\79586\.gradle\caches\modules-2\files-2.1\org.springframework\spring-jcl\5.0.8.RELEASE\a1fa8fb560fb252321776e16bc9ac8201af4ef5e\spring-jcl-5.0.8.RELEASE.jar;C:\Users\79586\.gradle\caches\modules-2\files-2.1\org.bouncycastle\bcpkix-jdk15on\1.60\d0c46320fbc07be3a24eb13a56cee4e3d38e0c75\bcpkix-jdk15on-1.60.jar;C:\Users\79586\.gradle\caches\modules-2\files-2.1\org.springframework.cloud\spring-cloud-netflix-archaius\2.0.4.BUILD-SNAPSHOT\e0bb954805f95092399f03d0115be8afa0a2be95\spring-cloud-netflix-archaius-2.0.4.BUILD-SNAPSHOT.jar;C:\Users\79586\.gradle\caches\modules-2\files-2.1\org.aspectj\aspectjweaver\1.8.13\ad94df2a28d658a40dc27bbaff6a1ce5fbf04e9b\aspectjweaver-1.8.13.jar;C:\Users\79586\.gradle\caches\modules-2\files-2.1\io.github.openfeign.form\feign-form\3.3.0\147b40d373999606dce20ace692006f86d34a6fb\feign-form-3.3.0.jar;C:\Users\79586\.gradle\caches\modules-2\files-2.1\com.google.code.findbugs\annotations\3.0.1\fc019a2216218990d64dfe756e7aa20f0069dea2\annotations-3.0.1.jar;C:\Users\79586\.gradle\caches\modules-2\files-2.1\com.google.code.findbugs\jsr305\3.0.1\f7be08ec23c21485b9b5a1cf1654c2ec8c58168d\jsr305-3.0.1.jar;C:\Users\79586\.gradle\caches\modules-2\files-2.1\commons-configuration\commons-configuration\1.8\6cce40435bcd8018018f16898de01976b319941a\commons-configuration-1.8.jar;C:\Users\79586\.gradle\caches\modules-2\files-2.1\com.google.guava\guava\16.0\aca09d2e5e8416bf91550e72281958e35460be52\guava-16.0.jar;C:\Users\79586\.gradle\caches\modules-2\files-2.1\io.reactivex\rxjava\1.2.0\42bfaf64c94f3848ebf5cf1c2ea4ec9d1b3ac6c8\rxjava-1.2.0.jar;C:\Users\79586\.gradle\caches\modules-2\files-2.1\net.minidev\accessors-smart\1.2\c592b500269bfde36096641b01238a8350f8aa31\accessors-smart-1.2.jar;C:\Users\79586\.gradle\caches\modules-2\files-2.1\ch.qos.logback\logback-core\1.2.3\864344400c3d4d92dfeb0a305dc87d953677c03c\logback-core-1.2.3.jar;C:\Users\79586\.gradle\caches\modules-2\files-2.1\org.apache.logging.log4j\log4j-api\2.10.0\fec5797a55b786184a537abd39c3fa1449d752d6\log4j-api-2.10.0.jar;C:\Users\79586\.gradle\caches\modules-2\files-2.1\org.bouncycastle\bcprov-jdk15on\1.60\bd47ad3bd14b8e82595c7adaa143501e60842a84\bcprov-jdk15on-1.60.jar;C:\Users\79586\.gradle\caches\modules-2\files-2.1\commons-lang\commons-lang\2.6\ce1edb914c94ebc388f086c6827e8bdeec71ac2\commons-lang-2.6.jar;C:\Users\79586\.gradle\caches\modules-2\files-2.1\org.ow2.asm\asm\5.0.4\da08b8cce7bbf903602a25a3a163ae252435795\asm-5.0.4.jar;C:\Users\79586\.gradle\caches\modules-2\files-2.1\net.jcip\jcip-annotations\1.0\afba4942caaeaf46aab0b976afd57cc7c181467e\jcip-annotations-1.0.jar, user.name=79586, java.vm.specification.version=1.8, sun.java.command=worker.org.gradle.process.internal.worker.GradleWorkerMain 'Gradle Test Executor 7', java.home=C:\Users\79586\.jdks\liberica-1.8.0_333\jre, sun.arch.data.model=64, user.language=ru, java.specification.vendor=Oracle Corporation, awt.toolkit=sun.awt.windows.WToolkit, java.vm.info=mixed mode, java.version=1.8.0_333, java.ext.dirs=C:\Users\79586\.jdks\liberica-1.8.0_333\jre\lib\ext;C:\Windows\Sun\Java\lib\ext, sun.boot.class.path=C:\Users\79586\.jdks\liberica-1.8.0_333\jre\lib\resources.jar;C:\Users\79586\.jdks\liberica-1.8.0_333\jre\lib\rt.jar;C:\Users\79586\.jdks\liberica-1.8.0_333\jre\lib\sunrsasign.jar;C:\Users\79586\.jdks\liberica-1.8.0_333\jre\lib\jsse.jar;C:\Users\79586\.jdks\liberica-1.8.0_333\jre\lib\jce.jar;C:\Users\79586\.jdks\liberica-1.8.0_333\jre\lib\charsets.jar;C:\Users\79586\.jdks\liberica-1.8.0_333\jre\lib\jfr.jar;C:\Users\79586\.jdks\liberica-1.8.0_333\jre\classes, java.vendor=BellSoft, org.gradle.test.worker=7, file.separator=\, java.vendor.url.bug=https://bell-sw.com/support, sun.io.unicode.encoding=UnicodeLittle, sun.cpu.endian=little, sun.desktop=windows, sun.cpu.isalist=amd64}}, SystemEnvironmentPropertySource@1906035167 {name='systemEnvironment', properties={USERDOMAIN_ROAMINGPROFILE=DESKTOP-4V9QDB7, LOCALAPPDATA=C:\Users\79586\AppData\Local, PROCESSOR_LEVEL=6, USERDOMAIN=DESKTOP-4V9QDB7, FPS_BROWSER_APP_PROFILE_STRING=Internet Explorer, LOGONSERVER=\\DESKTOP-4V9QDB7, SESSIONNAME=Console, ALLUSERSPROFILE=C:\ProgramData, PROCESSOR_ARCHITECTURE=AMD64, PSModulePath=C:\Program Files\WindowsPowerShell\Modules;C:\Windows\system32\WindowsPowerShell\v1.0\Modules, SystemDrive=C:, OneDrive=C:\Users\79586\OneDrive, PT8HOME=C:\Program Files\Cisco Packet Tracer 8.0.1, QT_DEVICE_PIXEL_RATIO=auto, APPDATA=C:\Users\79586\AppData\Roaming, USERNAME=79586, ProgramFiles(x86)=C:\Program Files (x86), VBOX_MSI_INSTALL_PATH=C:\Program Files\Oracle\VirtualBox\, CommonProgramFiles=C:\Program Files\Common Files, Path=C:\Program Files (x86)\Common Files\Oracle\Java\javapath;C:\ProgramData\Oracle\Java\javapath;C:\Windows\system32;C:\Windows;C:\Windows\System32\Wbem;C:\Windows\System32\WindowsPowerShell\v1.0\;C:\Windows\System32\OpenSSH\;C:\Program Files\nodejs\;C:\Program Files (x86)\Brackets\command;C:\Program Files\TortoiseGit\bin;C:\Program Files\Git\cmd;C:\Program Files\PuTTY\;C:\Program Files\Microsoft SQL Server\120\Tools\Binn\;C:\Program Files\dotnet\;C:\Program Files\Microsoft SQL Server\130\Tools\Binn\;C:\Program Files\Microsoft SQL Server\Client SDK\ODBC\170\Tools\Binn\;C:\Users\79586\AppData\Local\Programs\Python\Python39\Scripts\;C:\Users\79586\AppData\Local\Programs\Python\Python39\;C:\Users\79586\AppData\Local\Microsoft\WindowsApps;C:\Users\79586\AppData\Roaming\npm;C:\Program Files\heroku\bin;C:\Users\79586\.dotnet\tools, FPS_BROWSER_USER_PROFILE_STRING=Default, PATHEXT=.COM;.EXE;.BAT;.CMD;.VBS;.VBE;.JS;.JSE;.WSF;.WSH;.MSC, DriverData=C:\Windows\System32\Drivers\DriverData, OS=Windows_NT, OneDriveConsumer=C:\Users\79586\OneDrive, COMPUTERNAME=DESKTOP-4V9QDB7, PROCESSOR_REVISION=2d07, CommonProgramW6432=C:\Program Files\Common Files, ComSpec=C:\Windows\system32\cmd.exe, OMP_NUM_THREADS=16, ProgramData=C:\ProgramData, ProgramW6432=C:\Program Files, HOMEPATH=\Users\79586, SystemRoot=C:\Windows, TEMP=C:\Users\79586\AppData\Local\Temp, HOMEDRIVE=C:, PROCESSOR_IDENTIFIER=Intel64 Family 6 Model 45 Stepping 7, GenuineIntel, USERPROFILE=C:\Users\79586, TMP=C:\Users\79586\AppData\Local\Temp, CommonProgramFiles(x86)=C:\Program Files (x86)\Common Files, ProgramFiles=C:\Program Files, PUBLIC=C:\Users\Public, NUMBER_OF_PROCESSORS=16, windir=C:\Windows, =::=::\, IDEA_INITIAL_DIRECTORY=C:\Windows\System32}}]
03:23:58.505 [Test worker] DEBUG org.springframework.core.io.support.PathMatchingResourcePatternResolver - Resolved classpath location [com/test/feign/] to resources [URL [file:/C:/Users/79586/Downloads/feign/feign-master/build/classes/java/test/com/test/feign/]]
03:23:58.506 [Test worker] DEBUG org.springframework.core.io.support.PathMatchingResourcePatternResolver - Looking for matching resources in directory tree [C:\Users\79586\Downloads\feign\feign-master\build\classes\java\test\com\test\feign]
03:23:58.506 [Test worker] DEBUG org.springframework.core.io.support.PathMatchingResourcePatternResolver - Searching directory [C:\Users\79586\Downloads\feign\feign-master\build\classes\java\test\com\test\feign] for files matching pattern [C:/Users/79586/Downloads/feign/feign-master/build/classes/java/test/com/test/feign/*.class]
03:23:58.511 [Test worker] DEBUG org.springframework.core.io.support.PathMatchingResourcePatternResolver - Resolved location pattern [classpath*:com/test/feign/*.class] to resources [file [C:\Users\79586\Downloads\feign\feign-master\build\classes\java\test\com\test\feign\MockTest.class]]
03:23:58.540 [Test worker] DEBUG org.springframework.core.io.support.PathMatchingResourcePatternResolver - Resolved classpath location [com/test/] to resources [URL [file:/C:/Users/79586/Downloads/feign/feign-master/build/classes/java/test/com/test/]]
03:23:58.540 [Test worker] DEBUG org.springframework.core.io.support.PathMatchingResourcePatternResolver - Looking for matching resources in directory tree [C:\Users\79586\Downloads\feign\feign-master\build\classes\java\test\com\test]
03:23:58.540 [Test worker] DEBUG org.springframework.core.io.support.PathMatchingResourcePatternResolver - Searching directory [C:\Users\79586\Downloads\feign\feign-master\build\classes\java\test\com\test] for files matching pattern [C:/Users/79586/Downloads/feign/feign-master/build/classes/java/test/com/test/*.class]
03:23:58.541 [Test worker] DEBUG org.springframework.core.io.support.PathMatchingResourcePatternResolver - Resolved location pattern [classpath*:com/test/*.class] to resources []
03:23:58.543 [Test worker] DEBUG org.springframework.core.io.support.PathMatchingResourcePatternResolver - Resolved classpath location [com/] to resources [URL [jar:file:/C:/Users/79586/.jdks/liberica-1.8.0_333/jre/lib/ext/jfxrt.jar!/com/], URL [file:/C:/Users/79586/Downloads/feign/feign-master/build/classes/java/test/com/], URL [file:/C:/Users/79586/Downloads/feign/feign-master/build/classes/java/main/com/], URL [jar:file:/C:/Users/79586/.gradle/caches/modules-2/files-2.1/com.google.code.gson/gson/2.8.5/f645ed69d595b24d4cf8b3fbb64cc505bede8829/gson-2.8.5.jar!/com/], URL [jar:file:/C:/Users/79586/.gradle/caches/modules-2/files-2.1/com.fasterxml.jackson.datatype/jackson-datatype-jdk8/2.9.6/456895fc91bf7180b216fead220373e6278230c9/jackson-datatype-jdk8-2.9.6.jar!/com/], URL [jar:file:/C:/Users/79586/.gradle/caches/modules-2/files-2.1/com.fasterxml.jackson.datatype/jackson-datatype-jsr310/2.9.6/ea54f6193d224e5e5732bbd4262327eb465397c2/jackson-datatype-jsr310-2.9.6.jar!/com/], URL [jar:file:/C:/Users/79586/.gradle/caches/modules-2/files-2.1/com.fasterxml.jackson.module/jackson-module-parameter-names/2.9.6/129acd77a4b6ee30d62d3a0899b1344c8ec2bff8/jackson-module-parameter-names-2.9.6.jar!/com/], URL [jar:file:/C:/Users/79586/.gradle/caches/modules-2/files-2.1/com.netflix.hystrix/hystrix-core/1.5.18/e1a7ed48e1a60abbb08027a46189afb04c05b04f/hystrix-core-1.5.18.jar!/com/], URL [jar:file:/C:/Users/79586/.gradle/caches/modules-2/files-2.1/com.netflix.archaius/archaius-core/0.7.6/be0c1024d08ad68ec25f9f32b0e9df1ab7ecb45b/archaius-core-0.7.6.jar!/com/], URL [jar:file:/C:/Users/79586/.gradle/caches/modules-2/files-2.1/com.fasterxml.jackson.core/jackson-databind/2.9.6/cfa4f316351a91bfd95cb0644c6a2c95f52db1fc/jackson-databind-2.9.6.jar!/com/], URL [jar:file:/C:/Users/79586/.gradle/caches/modules-2/files-2.1/com.jayway.jsonpath/json-path/2.4.0/765a4401ceb2dc8d40553c2075eb80a8fa35c2ae/json-path-2.4.0.jar!/com/], URL [jar:file:/C:/Users/79586/.gradle/caches/modules-2/files-2.1/com.fasterxml/classmate/1.3.4/3d5f48f10bbe4eb7bd862f10c0583be2e0053c6/classmate-1.3.4.jar!/com/], URL [jar:file:/C:/Users/79586/.gradle/caches/modules-2/files-2.1/com.fasterxml.jackson.core/jackson-annotations/2.9.0/7c10d545325e3a6e72e06381afe469fd40eb701/jackson-annotations-2.9.0.jar!/com/], URL [jar:file:/C:/Users/79586/.gradle/caches/modules-2/files-2.1/com.fasterxml.jackson.core/jackson-core/2.9.6/4e393793c37c77e042ccc7be5a914ae39251b365/jackson-core-2.9.6.jar!/com/], URL [jar:file:/C:/Users/79586/.gradle/caches/modules-2/files-2.1/com.google.guava/guava/16.0/aca09d2e5e8416bf91550e72281958e35460be52/guava-16.0.jar!/com/]]
03:23:58.544 [Test worker] DEBUG org.springframework.core.io.support.PathMatchingResourcePatternResolver - Looking for matching resources in jar file [file:/C:/Users/79586/.jdks/liberica-1.8.0_333/jre/lib/ext/jfxrt.jar]
03:23:58.588 [Test worker] DEBUG org.springframework.core.io.support.PathMatchingResourcePatternResolver - Looking for matching resources in directory tree [C:\Users\79586\Downloads\feign\feign-master\build\classes\java\test\com]
03:23:58.589 [Test worker] DEBUG org.springframework.core.io.support.PathMatchingResourcePatternResolver - Searching directory [C:\Users\79586\Downloads\feign\feign-master\build\classes\java\test\com] for files matching pattern [C:/Users/79586/Downloads/feign/feign-master/build/classes/java/test/com/*.class]
03:23:58.590 [Test worker] DEBUG org.springframework.core.io.support.PathMatchingResourcePatternResolver - Looking for matching resources in directory tree [C:\Users\79586\Downloads\feign\feign-master\build\classes\java\main\com]
03:23:58.590 [Test worker] DEBUG org.springframework.core.io.support.PathMatchingResourcePatternResolver - Searching directory [C:\Users\79586\Downloads\feign\feign-master\build\classes\java\main\com] for files matching pattern [C:/Users/79586/Downloads/feign/feign-master/build/classes/java/main/com/*.class]
03:23:58.591 [Test worker] DEBUG org.springframework.core.io.support.PathMatchingResourcePatternResolver - Looking for matching resources in jar file [file:/C:/Users/79586/.gradle/caches/modules-2/files-2.1/com.google.code.gson/gson/2.8.5/f645ed69d595b24d4cf8b3fbb64cc505bede8829/gson-2.8.5.jar]
03:23:58.597 [Test worker] DEBUG org.springframework.core.io.support.PathMatchingResourcePatternResolver - Looking for matching resources in jar file [file:/C:/Users/79586/.gradle/caches/modules-2/files-2.1/com.fasterxml.jackson.datatype/jackson-datatype-jdk8/2.9.6/456895fc91bf7180b216fead220373e6278230c9/jackson-datatype-jdk8-2.9.6.jar]
03:23:58.599 [Test worker] DEBUG org.springframework.core.io.support.PathMatchingResourcePatternResolver - Looking for matching resources in jar file [file:/C:/Users/79586/.gradle/caches/modules-2/files-2.1/com.fasterxml.jackson.datatype/jackson-datatype-jsr310/2.9.6/ea54f6193d224e5e5732bbd4262327eb465397c2/jackson-datatype-jsr310-2.9.6.jar]
03:23:58.601 [Test worker] DEBUG org.springframework.core.io.support.PathMatchingResourcePatternResolver - Looking for matching resources in jar file [file:/C:/Users/79586/.gradle/caches/modules-2/files-2.1/com.fasterxml.jackson.module/jackson-module-parameter-names/2.9.6/129acd77a4b6ee30d62d3a0899b1344c8ec2bff8/jackson-module-parameter-names-2.9.6.jar]
03:23:58.602 [Test worker] DEBUG org.springframework.core.io.support.PathMatchingResourcePatternResolver - Looking for matching resources in jar file [file:/C:/Users/79586/.gradle/caches/modules-2/files-2.1/com.netflix.hystrix/hystrix-core/1.5.18/e1a7ed48e1a60abbb08027a46189afb04c05b04f/hystrix-core-1.5.18.jar]
03:23:58.609 [Test worker] DEBUG org.springframework.core.io.support.PathMatchingResourcePatternResolver - Looking for matching resources in jar file [file:/C:/Users/79586/.gradle/caches/modules-2/files-2.1/com.netflix.archaius/archaius-core/0.7.6/be0c1024d08ad68ec25f9f32b0e9df1ab7ecb45b/archaius-core-0.7.6.jar]
03:23:58.611 [Test worker] DEBUG org.springframework.core.io.support.PathMatchingResourcePatternResolver - Looking for matching resources in jar file [file:/C:/Users/79586/.gradle/caches/modules-2/files-2.1/com.fasterxml.jackson.core/jackson-databind/2.9.6/cfa4f316351a91bfd95cb0644c6a2c95f52db1fc/jackson-databind-2.9.6.jar]
03:23:58.618 [Test worker] DEBUG org.springframework.core.io.support.PathMatchingResourcePatternResolver - Looking for matching resources in jar file [file:/C:/Users/79586/.gradle/caches/modules-2/files-2.1/com.jayway.jsonpath/json-path/2.4.0/765a4401ceb2dc8d40553c2075eb80a8fa35c2ae/json-path-2.4.0.jar]
03:23:58.620 [Test worker] DEBUG org.springframework.core.io.support.PathMatchingResourcePatternResolver - Looking for matching resources in jar file [file:/C:/Users/79586/.gradle/caches/modules-2/files-2.1/com.fasterxml/classmate/1.3.4/3d5f48f10bbe4eb7bd862f10c0583be2e0053c6/classmate-1.3.4.jar]
03:23:58.620 [Test worker] DEBUG org.springframework.core.io.support.PathMatchingResourcePatternResolver - Looking for matching resources in jar file [file:/C:/Users/79586/.gradle/caches/modules-2/files-2.1/com.fasterxml.jackson.core/jackson-annotations/2.9.0/7c10d545325e3a6e72e06381afe469fd40eb701/jackson-annotations-2.9.0.jar]
03:23:58.622 [Test worker] DEBUG org.springframework.core.io.support.PathMatchingResourcePatternResolver - Looking for matching resources in jar file [file:/C:/Users/79586/.gradle/caches/modules-2/files-2.1/com.fasterxml.jackson.core/jackson-core/2.9.6/4e393793c37c77e042ccc7be5a914ae39251b365/jackson-core-2.9.6.jar]
03:23:58.631 [Test worker] DEBUG org.springframework.core.io.support.PathMatchingResourcePatternResolver - Looking for matching resources in jar file [file:/C:/Users/79586/.gradle/caches/modules-2/files-2.1/com.google.guava/guava/16.0/aca09d2e5e8416bf91550e72281958e35460be52/guava-16.0.jar]
03:23:58.650 [Test worker] DEBUG org.springframework.core.io.support.PathMatchingResourcePatternResolver - Resolved location pattern [classpath*:com/*.class] to resources []
]]></system-out>
  <system-err><![CDATA[]]></system-err>
</testsuite>
